<?xml version="1.0" encoding="UTF-8"?>
<testng-results skipped="0" failed="0" ignored="0" total="1" passed="1">
  <reporter-output>
  </reporter-output>
  <suite name="Default suite" duration-ms="4234" started-at="2020-03-02T04:09:16Z" finished-at="2020-03-02T04:09:20Z">
    <groups>
    </groups>
    <test name="Default test" duration-ms="4234" started-at="2020-03-02T04:09:16Z" finished-at="2020-03-02T04:09:20Z">
      <class name="com.app.TestNG">
        <test-method status="PASS" signature="setUpTest()[pri:0, instance:com.app.TestNG@7a30d1e6]" name="setUpTest" is-config="true" duration-ms="833" started-at="2020-03-02T09:39:16Z" finished-at="2020-03-02T09:39:17Z">
          <reporter-output>
          </reporter-output>
        </test-method> <!-- setUpTest -->
        <test-method status="PASS" signature="googleSearch()[pri:0, instance:com.app.TestNG@7a30d1e6]" name="googleSearch" duration-ms="3319" started-at="2020-03-02T09:39:17Z" finished-at="2020-03-02T09:39:20Z">
          <reporter-output>
          </reporter-output>
        </test-method> <!-- googleSearch -->
        <test-method status="PASS" signature="tearDownTest()[pri:0, instance:com.app.TestNG@7a30d1e6]" name="tearDownTest" is-config="true" duration-ms="68" started-at="2020-03-02T09:39:20Z" finished-at="2020-03-02T09:39:20Z">
          <reporter-output>
          </reporter-output>
        </test-method> <!-- tearDownTest -->
      </class> <!-- com.app.TestNG -->
    </test> <!-- Default test -->
  </suite> <!-- Default suite -->
</testng-results>
