<?xml version="1.0" encoding="UTF-8"?>
<testng-results total="3" passed="3" failed="0" skipped="0">
  <reporter-output>
  </reporter-output>
  <suite started-at="2020-04-24T09:06:35Z" name="Default suite" finished-at="2020-04-24T09:06:39Z" duration-ms="4064">
    <groups>
    </groups>
    <test started-at="2020-04-24T09:06:35Z" name="Default test" finished-at="2020-04-24T09:06:39Z" duration-ms="4064">
      <class name="in.ecgc.erp.hrd_emp_be.TestNGController">
        <test-method is-config="true" signature="springTestContextBeforeTestClass()[pri:0, instance:in.ecgc.erp.hrd_emp_be.TestNGController@52045dbe]" started-at="2020-04-24T14:36:35Z" name="springTestContextBeforeTestClass" finished-at="2020-04-24T14:36:35Z" duration-ms="6" status="PASS">
          <reporter-output>
          </reporter-output>
        </test-method> <!-- springTestContextBeforeTestClass -->
        <test-method is-config="true" signature="springTestContextPrepareTestInstance()[pri:0, instance:in.ecgc.erp.hrd_emp_be.TestNGController@52045dbe]" started-at="2020-04-24T14:36:35Z" name="springTestContextPrepareTestInstance" finished-at="2020-04-24T14:36:39Z" depends-on-methods="org.springframework.test.context.testng.AbstractTestNGSpringContextTests.springTestContextBeforeTestClass" duration-ms="3803" status="PASS">
          <reporter-output>
          </reporter-output>
        </test-method> <!-- springTestContextPrepareTestInstance -->
        <test-method is-config="true" signature="setup()[pri:0, instance:in.ecgc.erp.hrd_emp_be.TestNGController@52045dbe]" started-at="2020-04-24T14:36:39Z" name="setup" finished-at="2020-04-24T14:36:39Z" duration-ms="14" status="PASS">
          <reporter-output>
          </reporter-output>
        </test-method> <!-- setup -->
        <test-method is-config="true" signature="springTestContextBeforeTestMethod(java.lang.reflect.Method)[pri:0, instance:in.ecgc.erp.hrd_emp_be.TestNGController@52045dbe]" started-at="2020-04-24T14:36:39Z" name="springTestContextBeforeTestMethod" finished-at="2020-04-24T14:36:39Z" duration-ms="1" status="PASS">
          <params>
            <param index="0">
              <value>
                <![CDATA[public void in.ecgc.erp.hrd_emp_be.TestNGController.addEmployee() throws java.lang.Exception]]>
              </value>
            </param>
          </params>
          <reporter-output>
          </reporter-output>
        </test-method> <!-- springTestContextBeforeTestMethod -->
        <test-method signature="addEmployee()[pri:0, instance:in.ecgc.erp.hrd_emp_be.TestNGController@52045dbe]" started-at="2020-04-24T14:36:39Z" name="addEmployee" finished-at="2020-04-24T14:36:39Z" duration-ms="202" status="PASS">
          <reporter-output>
          </reporter-output>
        </test-method> <!-- addEmployee -->
        <test-method is-config="true" signature="springTestContextAfterTestMethod(java.lang.reflect.Method)[pri:0, instance:in.ecgc.erp.hrd_emp_be.TestNGController@52045dbe]" started-at="2020-04-24T14:36:39Z" name="springTestContextAfterTestMethod" finished-at="2020-04-24T14:36:39Z" duration-ms="1" status="PASS">
          <params>
            <param index="0">
              <value>
                <![CDATA[public void in.ecgc.erp.hrd_emp_be.TestNGController.addEmployee() throws java.lang.Exception]]>
              </value>
            </param>
          </params>
          <reporter-output>
          </reporter-output>
        </test-method> <!-- springTestContextAfterTestMethod -->
        <test-method is-config="true" signature="springTestContextBeforeTestMethod(java.lang.reflect.Method)[pri:0, instance:in.ecgc.erp.hrd_emp_be.TestNGController@52045dbe]" started-at="2020-04-24T14:36:39Z" name="springTestContextBeforeTestMethod" finished-at="2020-04-24T14:36:39Z" duration-ms="0" status="PASS">
          <params>
            <param index="0">
              <value>
                <![CDATA[public void in.ecgc.erp.hrd_emp_be.TestNGController.deleteEmployee() throws java.lang.Exception]]>
              </value>
            </param>
          </params>
          <reporter-output>
          </reporter-output>
        </test-method> <!-- springTestContextBeforeTestMethod -->
        <test-method signature="deleteEmployee()[pri:0, instance:in.ecgc.erp.hrd_emp_be.TestNGController@52045dbe]" started-at="2020-04-24T14:36:39Z" name="deleteEmployee" finished-at="2020-04-24T14:36:39Z" duration-ms="9" status="PASS">
          <reporter-output>
          </reporter-output>
        </test-method> <!-- deleteEmployee -->
        <test-method is-config="true" signature="springTestContextAfterTestMethod(java.lang.reflect.Method)[pri:0, instance:in.ecgc.erp.hrd_emp_be.TestNGController@52045dbe]" started-at="2020-04-24T14:36:39Z" name="springTestContextAfterTestMethod" finished-at="2020-04-24T14:36:39Z" duration-ms="0" status="PASS">
          <params>
            <param index="0">
              <value>
                <![CDATA[public void in.ecgc.erp.hrd_emp_be.TestNGController.deleteEmployee() throws java.lang.Exception]]>
              </value>
            </param>
          </params>
          <reporter-output>
          </reporter-output>
        </test-method> <!-- springTestContextAfterTestMethod -->
        <test-method is-config="true" signature="springTestContextBeforeTestMethod(java.lang.reflect.Method)[pri:0, instance:in.ecgc.erp.hrd_emp_be.TestNGController@52045dbe]" started-at="2020-04-24T14:36:39Z" name="springTestContextBeforeTestMethod" finished-at="2020-04-24T14:36:39Z" duration-ms="0" status="PASS">
          <params>
            <param index="0">
              <value>
                <![CDATA[public void in.ecgc.erp.hrd_emp_be.TestNGController.viewAllEmployees()]]>
              </value>
            </param>
          </params>
          <reporter-output>
          </reporter-output>
        </test-method> <!-- springTestContextBeforeTestMethod -->
        <test-method signature="viewAllEmployees()[pri:0, instance:in.ecgc.erp.hrd_emp_be.TestNGController@52045dbe]" started-at="2020-04-24T14:36:39Z" name="viewAllEmployees" finished-at="2020-04-24T14:36:39Z" duration-ms="16" status="PASS">
          <reporter-output>
          </reporter-output>
        </test-method> <!-- viewAllEmployees -->
        <test-method is-config="true" signature="springTestContextAfterTestMethod(java.lang.reflect.Method)[pri:0, instance:in.ecgc.erp.hrd_emp_be.TestNGController@52045dbe]" started-at="2020-04-24T14:36:39Z" name="springTestContextAfterTestMethod" finished-at="2020-04-24T14:36:39Z" duration-ms="0" status="PASS">
          <params>
            <param index="0">
              <value>
                <![CDATA[public void in.ecgc.erp.hrd_emp_be.TestNGController.viewAllEmployees()]]>
              </value>
            </param>
          </params>
          <reporter-output>
          </reporter-output>
        </test-method> <!-- springTestContextAfterTestMethod -->
        <test-method is-config="true" signature="springTestContextAfterTestClass()[pri:0, instance:in.ecgc.erp.hrd_emp_be.TestNGController@52045dbe]" started-at="2020-04-24T14:36:39Z" name="springTestContextAfterTestClass" finished-at="2020-04-24T14:36:39Z" duration-ms="1" status="PASS">
          <reporter-output>
          </reporter-output>
        </test-method> <!-- springTestContextAfterTestClass -->
      </class> <!-- in.ecgc.erp.hrd_emp_be.TestNGController -->
    </test> <!-- Default test -->
  </suite> <!-- Default suite -->
</testng-results>
